#
# There is insufficient memory for the Java Runtime Environment to continue.
# Native memory allocation (malloc) failed to allocate 32744 bytes for ChunkPool::allocate
# Possible reasons:
#   The system is out of physical RAM or swap space
#   In 32 bit mode, the process size limit was hit
# Possible solutions:
#   Reduce memory load on the system
#   Increase physical memory or swap space
#   Check if swap backing store is full
#   Use 64 bit Java on a 64 bit OS
#   Decrease Java heap size (-Xmx/-Xms)
#   Decrease number of Java threads
#   Decrease Java thread stack sizes (-Xss)
#   Set larger code cache with -XX:ReservedCodeCacheSize=
# This output file may be truncated or incomplete.
#
#  Out of Memory Error (allocation.cpp:273), pid=4020, tid=0x00000000000008a0
#
# JRE version: Java(TM) SE Runtime Environment (8.0_161-b12) (build 1.8.0_161-b12)
# Java VM: Java HotSpot(TM) 64-Bit Server VM (25.161-b12 mixed mode windows-amd64 compressed oops)
# Failed to write core dump. Minidumps are not enabled by default on client versions of Windows
#

---------------  T H R E A D  ---------------

Current thread (0x000000001502f000):  JavaThread "C2 CompilerThread1" daemon [_thread_in_native, id=2208, stack(0x0000000016760000,0x0000000016860000)]

Stack: [0x0000000016760000,0x0000000016860000]
[error occurred during error reporting (printing stack bounds), id 0xc0000005]

Native frames: (J=compiled Java code, j=interpreted, Vv=VM code, C=native code)


Current CompileTask:
C2:   1713  463 % !   4       com.sun.imageio.plugins.png.PNGImageReader::decodePass @ 1069 (1201 bytes)


---------------  P R O C E S S  ---------------

Java Threads: ( => current thread )
  0x0000000016c54800 JavaThread "Java2D Disposer" daemon [_thread_blocked, id=11640, stack(0x00000000178a0000,0x00000000179a0000)]
  0x000000001688c800 JavaThread "Service Thread" daemon [_thread_blocked, id=8684, stack(0x0000000016d60000,0x0000000016e60000)]
  0x0000000016868800 JavaThread "C1 CompilerThread2" daemon [_thread_blocked, id=8152, stack(0x0000000016c60000,0x0000000016d60000)]
=>0x000000001502f000 JavaThread "C2 CompilerThread1" daemon [_thread_in_native, id=2208, stack(0x0000000016760000,0x0000000016860000)]
  0x000000001501f000 JavaThread "C2 CompilerThread0" daemon [_thread_blocked, id=14696, stack(0x0000000016660000,0x0000000016760000)]
  0x000000001501c800 JavaThread "Attach Listener" daemon [_thread_blocked, id=9200, stack(0x0000000016560000,0x0000000016660000)]
  0x000000001501b800 JavaThread "Signal Dispatcher" daemon [_thread_blocked, id=8092, stack(0x0000000016460000,0x0000000016560000)]
  0x000000001500a800 JavaThread "Finalizer" daemon [_thread_blocked, id=13840, stack(0x0000000016270000,0x0000000016370000)]
  0x0000000002ad1000 JavaThread "Reference Handler" daemon [_thread_blocked, id=552, stack(0x0000000016170000,0x0000000016270000)]
  0x00000000029e2800 JavaThread "main" [_thread_in_native, id=7136, stack(0x00000000028a0000,0x00000000029a0000)]

Other Threads:
  0x0000000014fe7800 VMThread [stack: 0x0000000016070000,0x0000000016170000] [id=9912]
  0x000000001688e000 WatcherThread [stack: 0x0000000016e60000,0x0000000016f60000] [id=5628]

VM state:not at safepoint (normal execution)

VM Mutex/Monitor currently owned by a thread: None

Heap:
 PSYoungGen      total 18432K, used 6660K [0x00000000eb900000, 0x00000000ecd80000, 0x0000000100000000)
  eden space 15872K, 41% used [0x00000000eb900000,0x00000000ebf810b8,0x00000000ec880000)
  from space 2560K, 0% used [0x00000000ecb00000,0x00000000ecb00000,0x00000000ecd80000)
  to   space 2560K, 0% used [0x00000000ec880000,0x00000000ec880000,0x00000000ecb00000)
 ParOldGen       total 42496K, used 0K [0x00000000c2a00000, 0x00000000c5380000, 0x00000000eb900000)
  object space 42496K, 0% used [0x00000000c2a00000,0x00000000c2a00000,0x00000000c5380000)
 Metaspace       used 5538K, capacity 5746K, committed 5888K, reserved 1056768K
  class space    used 646K, capacity 724K, committed 768K, reserved 1048576K

Card table byte_map: [0x0000000011ea0000,0x0000000012090000] byte_map_base: 0x000000001188b000

Marking Bits: (ParMarkBitMap*) 0x000000007624f860
 Begin Bits: [0x00000000125e0000, 0x0000000013538000)
 End Bits:   [0x0000000013538000, 0x0000000014490000)

Polling page: 0x00000000007f0000

CodeCache: size=245760Kb used=2190Kb max_used=2190Kb free=243569Kb
 bounds [0x0000000002ae0000, 0x0000000002d50000, 0x0000000011ae0000]
 total_blobs=765 nmethods=466 adapters=213
 compilation: enabled

Compilation events (10 events):
Event: 1.669 Thread 0x0000000016868800  459       3       java.awt.geom.RectangularShape::<init> (5 bytes)
Event: 1.670 Thread 0x0000000016868800 nmethod 459 0x0000000002cf6690 code [0x0000000002cf67e0, 0x0000000002cf6990]
Event: 1.684 Thread 0x0000000016868800  460       3       java.awt.image.SampleModel::<init> (189 bytes)
Event: 1.685 Thread 0x000000001502f000  463 % !   4       com.sun.imageio.plugins.png.PNGImageReader::decodePass @ 1069 (1201 bytes)
Event: 1.688 Thread 0x0000000016868800 nmethod 460 0x0000000002cf8090 code [0x0000000002cf8420, 0x0000000002cfa308]
Event: 1.688 Thread 0x0000000016868800  462       3       java.awt.image.ComponentSampleModel::<init> (169 bytes)
Event: 1.690 Thread 0x0000000016868800 nmethod 462 0x0000000002cfb250 code [0x0000000002cfb460, 0x0000000002cfbe28]
Event: 1.690 Thread 0x0000000016868800  461       3       java.awt.image.PixelInterleavedSampleModel::<init> (137 bytes)
Event: 1.692 Thread 0x0000000016868800 nmethod 461 0x0000000002cfc310 code [0x0000000002cfc500, 0x0000000002cfcbf8]
Event: 1.694 Thread 0x0000000016868800  464       3       java.io.WinNTFileSystem::normalize (231 bytes)

GC Heap History (0 events):
No events

Deoptimization events (1 events):
Event: 0.560 Thread 0x00000000029e2800 Uncommon trap: reason=unstable_if action=reinterpret pc=0x0000000002c051b8 method=java.lang.String.hashCode()I @ 14

Classes redefined (0 events):
No events

Internal exceptions (10 events):
Event: 0.118 Thread 0x00000000029e2800 Exception <a 'java/lang/NoSuchMethodError': Method sun.misc.Unsafe.prefetchRead(Ljava/lang/Object;J)V name or signature does not match> (0x00000000eb907f88) thrown at [C:\re\workspace\8-2-build-windows-amd64-cygwin\jdk8u161\10277\hotspot\src\share\vm\prim
Event: 0.525 Thread 0x00000000029e2800 Exception <a 'java/security/PrivilegedActionException'> (0x00000000ebadc298) thrown at [C:\re\workspace\8-2-build-windows-amd64-cygwin\jdk8u161\10277\hotspot\src\share\vm\prims\jvm.cpp, line 1390]
Event: 0.526 Thread 0x00000000029e2800 Exception <a 'java/security/PrivilegedActionException'> (0x00000000ebadc4a8) thrown at [C:\re\workspace\8-2-build-windows-amd64-cygwin\jdk8u161\10277\hotspot\src\share\vm\prims\jvm.cpp, line 1390]
Event: 0.707 Thread 0x00000000029e2800 Exception <a 'java/security/PrivilegedActionException'> (0x00000000ebb794c8) thrown at [C:\re\workspace\8-2-build-windows-amd64-cygwin\jdk8u161\10277\hotspot\src\share\vm\prims\jvm.cpp, line 1390]
Event: 0.707 Thread 0x00000000029e2800 Exception <a 'java/security/PrivilegedActionException'> (0x00000000ebb798c0) thrown at [C:\re\workspace\8-2-build-windows-amd64-cygwin\jdk8u161\10277\hotspot\src\share\vm\prims\jvm.cpp, line 1390]
Event: 0.710 Thread 0x00000000029e2800 Exception <a 'java/security/PrivilegedActionException'> (0x00000000ebb7d718) thrown at [C:\re\workspace\8-2-build-windows-amd64-cygwin\jdk8u161\10277\hotspot\src\share\vm\prims\jvm.cpp, line 1390]
Event: 0.710 Thread 0x00000000029e2800 Exception <a 'java/security/PrivilegedActionException'> (0x00000000ebb7db10) thrown at [C:\re\workspace\8-2-build-windows-amd64-cygwin\jdk8u161\10277\hotspot\src\share\vm\prims\jvm.cpp, line 1390]
Event: 0.723 Thread 0x00000000029e2800 Exception <a 'java/io/FileNotFoundException'> (0x00000000ebb7fc18) thrown at [C:\re\workspace\8-2-build-windows-amd64-cygwin\jdk8u161\10277\hotspot\src\share\vm\prims\jni.cpp, line 709]
Event: 0.983 Thread 0x00000000029e2800 Exception <a 'java/lang/NoSuchFieldError': method resolution failed> (0x00000000ebc50f20) thrown at [C:\re\workspace\8-2-build-windows-amd64-cygwin\jdk8u161\10277\hotspot\src\share\vm\prims\methodHandles.cpp, line 1167]
Event: 1.000 Thread 0x00000000029e2800 Exception <a 'java/lang/NoSuchFieldError': method resolution failed> (0x00000000ebc5e690) thrown at [C:\re\workspace\8-2-build-windows-amd64-cygwin\jdk8u161\10277\hotspot\src\share\vm\prims\methodHandles.cpp, line 1167]

Events (10 events):
Event: 1.352 loading class java/awt/image/IndexColorModel
Event: 1.353 loading class java/awt/image/IndexColorModel done
Event: 1.353 loading class sun/awt/image/ShortComponentRaster
Event: 1.354 loading class sun/awt/image/ShortComponentRaster done
Event: 1.355 loading class com/sun/imageio/plugins/common/ReaderUtil
Event: 1.355 loading class com/sun/imageio/plugins/common/ReaderUtil done
Event: 1.384 loading class java/io/RandomAccessFile$1
Event: 1.384 loading class java/io/RandomAccessFile$1 done
Event: 1.644 Thread 0x00000000029e2800 DEOPT PACKING pc=0x0000000002cbf782 sp=0x000000000299f040
Event: 1.644 Thread 0x00000000029e2800 DEOPT UNPACKING pc=0x0000000002b27490 sp=0x000000000299eda0 mode 0


Dynamic libraries:
0x00007ff7ff3f0000 - 0x00007ff7ff427000 	C:\Program Files\Java\jre1.8.0_161\bin\javaw.exe
0x00007ffe7a7c0000 - 0x00007ffe7a9a1000 	C:\WINDOWS\SYSTEM32\ntdll.dll
0x00007ffe78bb0000 - 0x00007ffe78c62000 	C:\WINDOWS\System32\KERNEL32.DLL
0x00007ffe775e0000 - 0x00007ffe77853000 	C:\WINDOWS\System32\KERNELBASE.dll
0x00007ffe782d0000 - 0x00007ffe78371000 	C:\WINDOWS\System32\ADVAPI32.dll
0x00007ffe77db0000 - 0x00007ffe77e4e000 	C:\WINDOWS\System32\msvcrt.dll
0x00007ffe78590000 - 0x00007ffe785eb000 	C:\WINDOWS\System32\sechost.dll
0x00007ffe786f0000 - 0x00007ffe78814000 	C:\WINDOWS\System32\RPCRT4.dll
0x00007ffe77e60000 - 0x00007ffe77ff0000 	C:\WINDOWS\System32\USER32.dll
0x00007ffe77960000 - 0x00007ffe77980000 	C:\WINDOWS\System32\win32u.dll
0x00007ffe78380000 - 0x00007ffe783a8000 	C:\WINDOWS\System32\GDI32.dll
0x00007ffe77a30000 - 0x00007ffe77bc2000 	C:\WINDOWS\System32\gdi32full.dll
0x00007ffe76de0000 - 0x00007ffe76e7f000 	C:\WINDOWS\System32\msvcp_win.dll
0x00007ffe77860000 - 0x00007ffe7795a000 	C:\WINDOWS\System32\ucrtbase.dll
0x00007ffe63cf0000 - 0x00007ffe63f59000 	C:\WINDOWS\WinSxS\amd64_microsoft.windows.common-controls_6595b64144ccf1df_6.0.17134.407_none_fb449d63306391e9\COMCTL32.dll
0x00007ffe78880000 - 0x00007ffe78ba2000 	C:\WINDOWS\System32\combase.dll
0x00007ffe77bd0000 - 0x00007ffe77c4a000 	C:\WINDOWS\System32\bcryptPrimitives.dll
0x00007ffe781e0000 - 0x00007ffe7820d000 	C:\WINDOWS\System32\IMM32.DLL
0x0000000075790000 - 0x0000000075862000 	C:\Program Files\Java\jre1.8.0_161\bin\msvcr100.dll
0x0000000075a30000 - 0x00000000762cf000 	C:\Program Files\Java\jre1.8.0_161\bin\server\jvm.dll
0x00007ffe77e50000 - 0x00007ffe77e58000 	C:\WINDOWS\System32\PSAPI.DLL
0x00007ffe75730000 - 0x00007ffe75739000 	C:\WINDOWS\SYSTEM32\WSOCK32.dll
0x00007ffe74880000 - 0x00007ffe748a3000 	C:\WINDOWS\SYSTEM32\WINMM.dll
0x00007ffe7a0b0000 - 0x00007ffe7a11c000 	C:\WINDOWS\System32\WS2_32.dll
0x00007ffe65820000 - 0x00007ffe6582a000 	C:\WINDOWS\SYSTEM32\VERSION.dll
0x00007ffe74850000 - 0x00007ffe7487a000 	C:\WINDOWS\SYSTEM32\WINMMBASE.dll
0x00007ffe76e80000 - 0x00007ffe76ec9000 	C:\WINDOWS\System32\cfgmgr32.dll
0x0000000075940000 - 0x000000007594f000 	C:\Program Files\Java\jre1.8.0_161\bin\verify.dll
0x0000000075910000 - 0x0000000075939000 	C:\Program Files\Java\jre1.8.0_161\bin\java.dll
0x00000000758f0000 - 0x0000000075906000 	C:\Program Files\Java\jre1.8.0_161\bin\zip.dll
0x00007ffe78c70000 - 0x00007ffe7a0af000 	C:\WINDOWS\System32\SHELL32.dll
0x00007ffe78210000 - 0x00007ffe782b9000 	C:\WINDOWS\System32\shcore.dll
0x00007ffe76ed0000 - 0x00007ffe775dd000 	C:\WINDOWS\System32\windows.storage.dll
0x00007ffe7a590000 - 0x00007ffe7a5e1000 	C:\WINDOWS\System32\shlwapi.dll
0x00007ffe76b20000 - 0x00007ffe76b31000 	C:\WINDOWS\System32\kernel.appcore.dll
0x00007ffe76ad0000 - 0x00007ffe76aef000 	C:\WINDOWS\System32\profapi.dll
0x00007ffe76b40000 - 0x00007ffe76b8c000 	C:\WINDOWS\System32\powrprof.dll
0x00007ffe76b10000 - 0x00007ffe76b1a000 	C:\WINDOWS\System32\FLTLIB.DLL
0x00000000755f0000 - 0x0000000075788000 	C:\Program Files\Java\jre1.8.0_161\bin\awt.dll
0x00007ffe78070000 - 0x00007ffe78132000 	C:\WINDOWS\System32\OLEAUT32.dll
0x00007ffe74a90000 - 0x00007ffe74b1b000 	C:\WINDOWS\SYSTEM32\apphelp.dll

VM Arguments:
jvm_args: -Dfile.encoding=Cp1252 
java_command: run.Main
java_class_path (initial): C:\Program Files\Java\jre1.8.0_161\lib\resources.jar;C:\Program Files\Java\jre1.8.0_161\lib\rt.jar;C:\Program Files\Java\jre1.8.0_161\lib\jsse.jar;C:\Program Files\Java\jre1.8.0_161\lib\jce.jar;C:\Program Files\Java\jre1.8.0_161\lib\charsets.jar;C:\Program Files\Java\jre1.8.0_161\lib\jfr.jar;C:\Program Files\Java\jre1.8.0_161\lib\ext\access-bridge-64.jar;C:\Program Files\Java\jre1.8.0_161\lib\ext\cldrdata.jar;C:\Program Files\Java\jre1.8.0_161\lib\ext\dnsns.jar;C:\Program Files\Java\jre1.8.0_161\lib\ext\jaccess.jar;C:\Program Files\Java\jre1.8.0_161\lib\ext\jfxrt.jar;C:\Program Files\Java\jre1.8.0_161\lib\ext\localedata.jar;C:\Program Files\Java\jre1.8.0_161\lib\ext\nashorn.jar;C:\Program Files\Java\jre1.8.0_161\lib\ext\sunec.jar;C:\Program Files\Java\jre1.8.0_161\lib\ext\sunjce_provider.jar;C:\Program Files\Java\jre1.8.0_161\lib\ext\sunmscapi.jar;C:\Program Files\Java\jre1.8.0_161\lib\ext\sunpkcs11.jar;C:\Program Files\Java\jre1.8.0_161\lib\ext\zipfs.jar;C:\Users\jolar\.p2\pool\plugins\org.junit.jupiter.api_5.0.0.v20170910-2246.jar;C:\Users\jolar\.p2\pool\plugins\org.junit.jupiter.engine_5.0.0.v20170910-2246.jar;C:\Users\jolar\.p2\pool\plugins\org.junit.jupiter.migrationsupport_5.0.0.v20170910-2246.jar;C:\Users\jolar\.p2\pool\plugins\org.junit.jupiter.params_5.0.0.v20170910-2246.jar;C:\Users\jolar\.p2\pool\plugins\org.junit.platform.commons_1.0.0.v20170910-2246.jar;C:\Users\jolar\.p2\pool\plugins\org.junit.platform.engine_1.0.0.v20170910-2246.jar;C:\Users\jolar\.p2\pool\plugins\org.junit.platform.launcher_1.0.0.v20170910-2246.jar;C:\Users\jolar\.p2\pool\plugins\org.junit.platform.runner_1.0.0.v20170910-2246.jar;C:\Users\jolar\.p2\pool\plugins\org.junit.platform.suite.api_1.0.0.v20170910-2246.jar;C:\Users\jolar\.p2\pool\plugins\org.junit.vintage.engine_4.12.0.v20170910-2246.jar;C:\Users\jolar\.p2\pool\plugins\org.opentest4j_1.0.0.v20170910-2246.jar;C:\Users\jolar\.p2\pool\plugins\org.apiguardian_1.0.0.v20170910-2246.jar;C:\Users\jolar\.p
Launcher Type: SUN_STANDARD

Environment Variables:
PATH=C:/Program Files/Java/jre1.8.0_161/bin/server;C:/Program Files/Java/jre1.8.0_161/bin;C:/Program Files/Java/jre1.8.0_161/lib/amd64;C:\ProgramData\Oracle\Java\javapath;C:\Program Files (x86)\Intel\TXE Components\TCS\;C:\Program Files\Intel\TXE Components\TCS\;C:\WINDOWS\system32;C:\WINDOWS;C:\WINDOWS\System32\Wbem;C:\WINDOWS\System32\WindowsPowerShell\v1.0\;C:\Program Files\Intel\TXE Components\DAL\;C:\Program Files (x86)\Intel\TXE Components\DAL\;C:\Program Files\Intel\TXE Components\IPT\;C:\Program Files (x86)\Intel\TXE Components\IPT\;C:\WINDOWS\System32\OpenSSH\;C:\Program Files\nodejs\;C:\sqlite;C:\Users\jolar\AppData\Local\atom\bin;C:\Users\jolar\AppData\Roaming\npm;C:\Users\jolar\AppData\Local\GitHubDesktop\bin;C:\Users\jolar\OneDrive\Desktop;
USERNAME=jolar
OS=Windows_NT
PROCESSOR_IDENTIFIER=Intel64 Family 6 Model 76 Stepping 4, GenuineIntel



---------------  S Y S T E M  ---------------

OS: Windows 10.0 , 64 bit Build 17134 (10.0.17134.1)

CPU:total 4 (initial active 4) (4 cores per cpu, 1 threads per core) family 6 model 76 stepping 4, cmov, cx8, fxsr, mmx, sse, sse2, sse3, ssse3, sse4.1, sse4.2, popcnt, aes, clmul, erms, 3dnowpref, tsc, tscinvbit

Memory: 4k page, physical 4020328k(380964k free), swap 11516260k(48k free)

vm_info: Java HotSpot(TM) 64-Bit Server VM (25.161-b12) for windows-amd64 JRE (1.8.0_161-b12), built on Dec 19 2017 17:52:25 by "java_re" with MS VC++ 10.0 (VS2010)

time: Fri Dec 07 13:56:59 2018
elapsed time: 1 seconds (0d 0h 0m 1s)

